Starting job 4307664 on c5-18 at Mon Nov 1 10:50:45 CET 2021

  1) StdEnv
slurmstepd: error: *** JOB 4307664 ON c5-18 CANCELLED AT 2021-11-03T10:50:51 DUE TO TIME LIMIT ***

Task and CPU usage stats:
       JobID    JobName  AllocCPUS   NTasks     MinCPU MinCPUTask     AveCPU    Elapsed ExitCode 
------------ ---------- ---------- -------- ---------- ---------- ---------- ---------- -------- 
4307664       MCMCold12          3                                           2-00:00:06      0:0 
4307664.bat+      batch          3        1 2-02:53:01          0 2-02:53:01 2-00:00:07     0:15 
4307664.ext+     extern          3        1   00:00:00          0   00:00:00 2-00:00:06      0:0 

Memory usage stats:
       JobID     MaxRSS MaxRSSTask     AveRSS MaxPages   MaxPagesTask   AvePages 
------------ ---------- ---------- ---------- -------- -------------- ---------- 
4307664                                                                          
4307664.bat+  13408680K          0  13408680K        0              0          0 
4307664.ext+          0          0          0        0              0          0 

Disk usage stats:
       JobID  MaxDiskRead MaxDiskReadTask    AveDiskRead MaxDiskWrite MaxDiskWriteTask   AveDiskWrite 
------------ ------------ --------------- -------------- ------------ ---------------- -------------- 
4307664                                                                                               
4307664.bat+        7.75M               0          7.75M        0.14M                0          0.14M 
4307664.ext+        0.00M               0          0.00M            0                0              0 

Job 4307664 completed at Wed Nov 3 10:50:53 CET 2021
