Starting job 3842685 on c5-29 at Sat Oct 9 08:54:40 CEST 2021

  1) StdEnv

Task and CPU usage stats:
       JobID    JobName  AllocCPUS   NTasks     MinCPU MinCPUTask     AveCPU    Elapsed ExitCode 
------------ ---------- ---------- -------- ---------- ---------- ---------- ---------- -------- 
3842685      R_script_+          1                                             00:44:08      0:0 
3842685.bat+      batch          1        1   00:42:10          0   00:42:10   00:44:08      0:0 
3842685.ext+     extern          1        1   00:00:00          0   00:00:00   00:44:08      0:0 

Memory usage stats:
       JobID     MaxRSS MaxRSSTask     AveRSS MaxPages   MaxPagesTask   AvePages 
------------ ---------- ---------- ---------- -------- -------------- ---------- 
3842685                                                                          
3842685.bat+    633060K          0    633060K        0              0          0 
3842685.ext+          0          0          0        0              0          0 

Disk usage stats:
       JobID  MaxDiskRead MaxDiskReadTask    AveDiskRead MaxDiskWrite MaxDiskWriteTask   AveDiskWrite 
------------ ------------ --------------- -------------- ------------ ---------------- -------------- 
3842685                                                                                               
3842685.bat+        8.01M               0          8.01M        0.14M                0          0.14M 
3842685.ext+        0.00M               0          0.00M            0                0              0 

Job 3842685 completed at Sat Oct 9 09:38:49 CEST 2021
