Starting job 3719208 on c5-34 at Tue Oct 5 19:32:46 CEST 2021

Resetting modules to system default. Reseting $MODULEPATH back to system default. All extra directories will be removed from $MODULEPATH.

Task and CPU usage stats:
       JobID    JobName  AllocCPUS   NTasks     MinCPU MinCPUTask     AveCPU    Elapsed ExitCode 
------------ ---------- ---------- -------- ---------- ---------- ---------- ---------- -------- 
3719208      R_script_+          1                                             00:00:42      1:0 
3719208.bat+      batch          1        1   00:00:07          0   00:00:07   00:00:42      1:0 
3719208.ext+     extern          1        1   00:00:00          0   00:00:00   00:00:42      0:0 

Memory usage stats:
       JobID     MaxRSS MaxRSSTask     AveRSS MaxPages   MaxPagesTask   AvePages 
------------ ---------- ---------- ---------- -------- -------------- ---------- 
3719208                                                                          
3719208.bat+     41068K          0     41068K        0              0          0 
3719208.ext+          0          0          0        0              0          0 

Disk usage stats:
       JobID  MaxDiskRead MaxDiskReadTask    AveDiskRead MaxDiskWrite MaxDiskWriteTask   AveDiskWrite 
------------ ------------ --------------- -------------- ------------ ---------------- -------------- 
3719208                                                                                               
3719208.bat+        8.01M               0          8.01M        0.14M                0          0.14M 
3719208.ext+        0.00M               0          0.00M            0                0              0 

Job 3719208 completed at Tue Oct 5 19:33:28 CEST 2021
