Starting job 3683402 on c5-58 at Fri Oct 1 14:53:24 CEST 2021

Resetting modules to system default. Reseting $MODULEPATH back to system default. All extra directories will be removed from $MODULEPATH.
Lmod has detected the following error: Your site prevents the automatic
swapping of modules with same name. You must explicitly unload the loaded
version of "GCCcore/10.3.0" before you can load the new one. Use swap to do
this:

   $ module swap GCCcore/10.3.0 GCCcore/10.2.0

Alternatively, you can set the environment variable
LMOD_DISABLE_SAME_NAME_AUTOSWAP to "no" to re-enable same name autoswapping.

While processing the following module(s):
    Module fullname  Module Filename
    ---------------  ---------------
    intel/2020b      /cluster/modulefiles/all/intel/2020b.lua


Task and CPU usage stats:
       JobID    JobName  AllocCPUS   NTasks     MinCPU MinCPUTask     AveCPU    Elapsed ExitCode 
------------ ---------- ---------- -------- ---------- ---------- ---------- ---------- -------- 
3683402      R_script_+          1                                             00:00:13      1:0 
3683402.bat+      batch          1        1   00:00:06          0   00:00:06   00:00:13      1:0 
3683402.ext+     extern          1        1   00:00:00          0   00:00:00   00:00:13      0:0 

Memory usage stats:
       JobID     MaxRSS MaxRSSTask     AveRSS MaxPages   MaxPagesTask   AvePages 
------------ ---------- ---------- ---------- -------- -------------- ---------- 
3683402                                                                          
3683402.bat+          0          0          0        0              0          0 
3683402.ext+          0          0          0        0              0          0 

Disk usage stats:
       JobID  MaxDiskRead MaxDiskReadTask    AveDiskRead MaxDiskWrite MaxDiskWriteTask   AveDiskWrite 
------------ ------------ --------------- -------------- ------------ ---------------- -------------- 
3683402                                                                                               
3683402.bat+            0               0              0            0                0              0 
3683402.ext+        0.00M               0          0.00M            0                0              0 

Job 3683402 completed at Fri Oct 1 14:53:38 CEST 2021
