Starting job 3719373 on c5-47 at Tue Oct 5 19:43:19 CEST 2021

Resetting modules to system default. Reseting $MODULEPATH back to system default. All extra directories will be removed from $MODULEPATH.

Task and CPU usage stats:
       JobID    JobName  AllocCPUS   NTasks     MinCPU MinCPUTask     AveCPU    Elapsed ExitCode 
------------ ---------- ---------- -------- ---------- ---------- ---------- ---------- -------- 
3719373      R_script_+          1                                             00:03:22      0:0 
3719373.bat+      batch          1        1   00:00:51          0   00:00:51   00:03:22      0:0 
3719373.ext+     extern          1        1   00:00:00          0   00:00:00   00:03:22      0:0 

Memory usage stats:
       JobID     MaxRSS MaxRSSTask     AveRSS MaxPages   MaxPagesTask   AvePages 
------------ ---------- ---------- ---------- -------- -------------- ---------- 
3719373                                                                          
3719373.bat+    367228K          0    367228K        0              0          0 
3719373.ext+          0          0          0        0              0          0 

Disk usage stats:
       JobID  MaxDiskRead MaxDiskReadTask    AveDiskRead MaxDiskWrite MaxDiskWriteTask   AveDiskWrite 
------------ ------------ --------------- -------------- ------------ ---------------- -------------- 
3719373                                                                                               
3719373.bat+        8.01M               0          8.01M        0.14M                0          0.14M 
3719373.ext+        0.00M               0          0.00M            0                0              0 

Job 3719373 completed at Tue Oct 5 19:46:41 CEST 2021
