Starting job 4393978 on c3-18 at Tue Nov 9 16:26:45 CET 2021

  1) StdEnv

Task and CPU usage stats:
       JobID    JobName  AllocCPUS   NTasks     MinCPU MinCPUTask     AveCPU    Elapsed ExitCode 
------------ ---------- ---------- -------- ---------- ---------- ---------- ---------- -------- 
4393978           Reval         24                                             00:04:59      0:0 
4393978.bat+      batch         24        1   01:32:18          0   01:32:18   00:04:59      0:0 
4393978.ext+     extern         24        1   00:00:00          0   00:00:00   00:04:59      0:0 

Memory usage stats:
       JobID     MaxRSS MaxRSSTask     AveRSS MaxPages   MaxPagesTask   AvePages 
------------ ---------- ---------- ---------- -------- -------------- ---------- 
4393978                                                                          
4393978.bat+  16022432K          0  16022432K        0              0          0 
4393978.ext+          0          0          0        0              0          0 

Disk usage stats:
       JobID  MaxDiskRead MaxDiskReadTask    AveDiskRead MaxDiskWrite MaxDiskWriteTask   AveDiskWrite 
------------ ------------ --------------- -------------- ------------ ---------------- -------------- 
4393978                                                                                               
4393978.bat+        7.88M               0          7.88M        0.14M                0          0.14M 
4393978.ext+        0.00M               0          0.00M            0                0              0 

Job 4393978 completed at Tue Nov 9 16:31:44 CET 2021
