Starting job 3719226 on c5-38 at Tue Oct 5 19:35:18 CEST 2021

Resetting modules to system default. Reseting $MODULEPATH back to system default. All extra directories will be removed from $MODULEPATH.

Task and CPU usage stats:
       JobID    JobName  AllocCPUS   NTasks     MinCPU MinCPUTask     AveCPU    Elapsed ExitCode 
------------ ---------- ---------- -------- ---------- ---------- ---------- ---------- -------- 
3719226      R_script_+          1                                             00:06:14      1:0 
3719226.bat+      batch          1        1   00:00:42          0   00:00:42   00:06:14      1:0 
3719226.ext+     extern          1        1   00:00:00          0   00:00:00   00:06:14      0:0 

Memory usage stats:
       JobID     MaxRSS MaxRSSTask     AveRSS MaxPages   MaxPagesTask   AvePages 
------------ ---------- ---------- ---------- -------- -------------- ---------- 
3719226                                                                          
3719226.bat+    378692K          0    378692K        0              0          0 
3719226.ext+          0          0          0        0              0          0 

Disk usage stats:
       JobID  MaxDiskRead MaxDiskReadTask    AveDiskRead MaxDiskWrite MaxDiskWriteTask   AveDiskWrite 
------------ ------------ --------------- -------------- ------------ ---------------- -------------- 
3719226                                                                                               
3719226.bat+        8.01M               0          8.01M        0.14M                0          0.14M 
3719226.ext+        0.00M               0          0.00M            0                0              0 

Job 3719226 completed at Tue Oct 5 19:41:31 CEST 2021
