Starting job 3784745 on c11-37 at Thu Oct 7 13:47:03 CEST 2021

  1) StdEnv

Task and CPU usage stats:
       JobID    JobName  AllocCPUS   NTasks     MinCPU MinCPUTask     AveCPU    Elapsed ExitCode 
------------ ---------- ---------- -------- ---------- ---------- ---------- ---------- -------- 
3784745      R_script_+          1                                             05:53:37      0:0 
3784745.bat+      batch          1        1   05:51:02          0   05:51:02   05:53:37      0:0 
3784745.ext+     extern          1        1   00:00:00          0   00:00:00   05:53:37      0:0 

Memory usage stats:
       JobID     MaxRSS MaxRSSTask     AveRSS MaxPages   MaxPagesTask   AvePages 
------------ ---------- ---------- ---------- -------- -------------- ---------- 
3784745                                                                          
3784745.bat+   4280872K          0   4280872K        0              0          0 
3784745.ext+          0          0          0        0              0          0 

Disk usage stats:
       JobID  MaxDiskRead MaxDiskReadTask    AveDiskRead MaxDiskWrite MaxDiskWriteTask   AveDiskWrite 
------------ ------------ --------------- -------------- ------------ ---------------- -------------- 
3784745                                                                                               
3784745.bat+        8.05M               0          8.05M        0.14M                0          0.14M 
3784745.ext+        0.00M               0          0.00M            0                0              0 

Job 3784745 completed at Thu Oct 7 19:40:40 CEST 2021
