Starting job 3719159 on c2-34 at Tue Oct 5 19:30:16 CEST 2021

Resetting modules to system default. Reseting $MODULEPATH back to system default. All extra directories will be removed from $MODULEPATH.

Task and CPU usage stats:
       JobID    JobName  AllocCPUS   NTasks     MinCPU MinCPUTask     AveCPU    Elapsed ExitCode 
------------ ---------- ---------- -------- ---------- ---------- ---------- ---------- -------- 
3719159      R_script_+          1                                             00:01:03      1:0 
3719159.bat+      batch          1        1   00:00:07          0   00:00:07   00:01:03      1:0 
3719159.ext+     extern          1        1   00:00:00          0   00:00:00   00:01:03      0:0 

Memory usage stats:
       JobID     MaxRSS MaxRSSTask     AveRSS MaxPages   MaxPagesTask   AvePages 
------------ ---------- ---------- ---------- -------- -------------- ---------- 
3719159                                                                          
3719159.bat+    187784K          0    187784K        0              0          0 
3719159.ext+          0          0          0        0              0          0 

Disk usage stats:
       JobID  MaxDiskRead MaxDiskReadTask    AveDiskRead MaxDiskWrite MaxDiskWriteTask   AveDiskWrite 
------------ ------------ --------------- -------------- ------------ ---------------- -------------- 
3719159                                                                                               
3719159.bat+        8.01M               0          8.01M        0.14M                0          0.14M 
3719159.ext+        0.00M               0          0.00M            0                0              0 

Job 3719159 completed at Tue Oct 5 19:31:20 CEST 2021
