Starting job 3683614 on c5-58 at Fri Oct 1 14:55:57 CEST 2021

Resetting modules to system default. Reseting $MODULEPATH back to system default. All extra directories will be removed from $MODULEPATH.

Task and CPU usage stats:
       JobID    JobName  AllocCPUS   NTasks     MinCPU MinCPUTask     AveCPU    Elapsed ExitCode 
------------ ---------- ---------- -------- ---------- ---------- ---------- ---------- -------- 
3683614      R_script_+          1                                             00:17:12      0:0 
3683614.bat+      batch          1        1   00:14:29          0   00:14:29   00:17:12      0:0 
3683614.ext+     extern          1        1   00:00:00          0   00:00:00   00:17:12      0:0 

Memory usage stats:
       JobID     MaxRSS MaxRSSTask     AveRSS MaxPages   MaxPagesTask   AvePages 
------------ ---------- ---------- ---------- -------- -------------- ---------- 
3683614                                                                          
3683614.bat+   6996388K          0   6996388K        0              0          0 
3683614.ext+          0          0          0        0              0          0 

Disk usage stats:
       JobID  MaxDiskRead MaxDiskReadTask    AveDiskRead MaxDiskWrite MaxDiskWriteTask   AveDiskWrite 
------------ ------------ --------------- -------------- ------------ ---------------- -------------- 
3683614                                                                                               
3683614.bat+        8.26M               0          8.26M        0.15M                0          0.15M 
3683614.ext+        0.00M               0          0.00M            0                0              0 

Job 3683614 completed at Fri Oct 1 15:13:10 CEST 2021
