Starting job 4396386 on c3-18 at Tue Nov 9 23:01:46 CET 2021

  1) StdEnv

Task and CPU usage stats:
       JobID    JobName  AllocCPUS   NTasks     MinCPU MinCPUTask     AveCPU    Elapsed ExitCode 
------------ ---------- ---------- -------- ---------- ---------- ---------- ---------- -------- 
4396386           Reval         24                                             00:05:12      0:0 
4396386.bat+      batch         24        1   01:33:19          0   01:33:19   00:05:12      0:0 
4396386.ext+     extern         24        1   00:00:00          0   00:00:00   00:05:12      0:0 

Memory usage stats:
       JobID     MaxRSS MaxRSSTask     AveRSS MaxPages   MaxPagesTask   AvePages 
------------ ---------- ---------- ---------- -------- -------------- ---------- 
4396386                                                                          
4396386.bat+  16943444K          0  16943444K        0              0          0 
4396386.ext+          0          0          0        0              0          0 

Disk usage stats:
       JobID  MaxDiskRead MaxDiskReadTask    AveDiskRead MaxDiskWrite MaxDiskWriteTask   AveDiskWrite 
------------ ------------ --------------- -------------- ------------ ---------------- -------------- 
4396386                                                                                               
4396386.bat+        7.88M               0          7.88M        0.14M                0          0.14M 
4396386.ext+        0.00M               0          0.00M            0                0              0 

Job 4396386 completed at Tue Nov 9 23:06:59 CET 2021
